Determining if the pthread_create exist failed with the following output:
Change Dir: /home/grads/h/harishkumar003/Desktop/srsRAN/build/CMakeFiles/CMakeTmp

Run Build Command:"/usr/bin/make" "cmTC_242da/fast"
/usr/bin/make -f CMakeFiles/cmTC_242da.dir/build.make CMakeFiles/cmTC_242da.dir/build
make[1]: Entering directory '/home/grads/h/harishkumar003/Desktop/srsRAN/build/CMakeFiles/CMakeTmp'
Building C object CMakeFiles/cmTC_242da.dir/CheckSymbolExists.c.o
/usr/bin/cc    -o CMakeFiles/cmTC_242da.dir/CheckSymbolExists.c.o   -c /home/grads/h/harishkumar003/Desktop/srsRAN/build/CMakeFiles/CMakeTmp/CheckSymbolExists.c
Linking C executable cmTC_242da
/usr/bin/cmake -E cmake_link_script CMakeFiles/cmTC_242da.dir/link.txt --verbose=1
/usr/bin/cc      -rdynamic CMakeFiles/cmTC_242da.dir/CheckSymbolExists.c.o  -o cmTC_242da 
CMakeFiles/cmTC_242da.dir/CheckSymbolExists.c.o: In function `main':
CheckSymbolExists.c:(.text+0x1b): undefined reference to `pthread_create'
collect2: error: ld returned 1 exit status
CMakeFiles/cmTC_242da.dir/build.make:97: recipe for target 'cmTC_242da' failed
make[1]: *** [cmTC_242da] Error 1
make[1]: Leaving directory '/home/grads/h/harishkumar003/Desktop/srsRAN/build/CMakeFiles/CMakeTmp'
Makefile:126: recipe for target 'cmTC_242da/fast' failed
make: *** [cmTC_242da/fast] Error 2

File /home/grads/h/harishkumar003/Desktop/srsRAN/build/CMakeFiles/CMakeTmp/CheckSymbolExists.c:
/* */
#include <pthread.h>

int main(int argc, char** argv)
{
  (void)argv;
#ifndef pthread_create
  return ((int*)(&pthread_create))[argc];
#else
  (void)argc;
  return 0;
#endif
}

Determining if the function pthread_create exists in the pthreads failed with the following output:
Change Dir: /home/grads/h/harishkumar003/Desktop/srsRAN/build/CMakeFiles/CMakeTmp

Run Build Command:"/usr/bin/make" "cmTC_59a2f/fast"
/usr/bin/make -f CMakeFiles/cmTC_59a2f.dir/build.make CMakeFiles/cmTC_59a2f.dir/build
make[1]: Entering directory '/home/grads/h/harishkumar003/Desktop/srsRAN/build/CMakeFiles/CMakeTmp'
Building C object CMakeFiles/cmTC_59a2f.dir/CheckFunctionExists.c.o
/usr/bin/cc   -DCHECK_FUNCTION_EXISTS=pthread_create   -o CMakeFiles/cmTC_59a2f.dir/CheckFunctionExists.c.o   -c /usr/share/cmake-3.10/Modules/CheckFunctionExists.c
Linking C executable cmTC_59a2f
/usr/bin/cmake -E cmake_link_script CMakeFiles/cmTC_59a2f.dir/link.txt --verbose=1
/usr/bin/cc  -DCHECK_FUNCTION_EXISTS=pthread_create    -rdynamic CMakeFiles/cmTC_59a2f.dir/CheckFunctionExists.c.o  -o cmTC_59a2f -lpthreads 
/usr/bin/ld: cannot find -lpthreads
collect2: error: ld returned 1 exit status
CMakeFiles/cmTC_59a2f.dir/build.make:97: recipe for target 'cmTC_59a2f' failed
make[1]: *** [cmTC_59a2f] Error 1
make[1]: Leaving directory '/home/grads/h/harishkumar003/Desktop/srsRAN/build/CMakeFiles/CMakeTmp'
Makefile:126: recipe for target 'cmTC_59a2f/fast' failed
make: *** [cmTC_59a2f/fast] Error 2


Performing C++ SOURCE FILE Test UHD_ENABLE_X300_FW_RESET failed with the following output:
Change Dir: /home/grads/h/harishkumar003/Desktop/srsRAN/build/CMakeFiles/CMakeTmp

Run Build Command:"/usr/bin/make" "cmTC_c5a02/fast"
/usr/bin/make -f CMakeFiles/cmTC_c5a02.dir/build.make CMakeFiles/cmTC_c5a02.dir/build
make[1]: Entering directory '/home/grads/h/harishkumar003/Desktop/srsRAN/build/CMakeFiles/CMakeTmp'
Building CXX object CMakeFiles/cmTC_c5a02.dir/src.cxx.o
/usr/bin/c++    -DUHD_ENABLE_X300_FW_RESET  -L/usr/lib/x86_64-linux-gnu   -o CMakeFiles/cmTC_c5a02.dir/src.cxx.o -c /home/grads/h/harishkumar003/Desktop/srsRAN/build/CMakeFiles/CMakeTmp/src.cxx
Linking CXX executable cmTC_c5a02
/usr/bin/cmake -E cmake_link_script CMakeFiles/cmTC_c5a02.dir/link.txt --verbose=1
/usr/bin/c++   -DUHD_ENABLE_X300_FW_RESET  -L/usr/lib/x86_64-linux-gnu    -rdynamic CMakeFiles/cmTC_c5a02.dir/src.cxx.o  -o cmTC_c5a02 -luhd -lboost_program_options -lboost_system 
CMakeFiles/cmTC_c5a02.dir/src.cxx.o: In function `try_usrp_x300_reset()':
src.cxx:(.text+0xd5): undefined reference to `x300_make_ctrl_iface_enet(boost::shared_ptr<uhd::transport::udp_simple>, bool)'
collect2: error: ld returned 1 exit status
CMakeFiles/cmTC_c5a02.dir/build.make:97: recipe for target 'cmTC_c5a02' failed
make[1]: *** [cmTC_c5a02] Error 1
make[1]: Leaving directory '/home/grads/h/harishkumar003/Desktop/srsRAN/build/CMakeFiles/CMakeTmp'
Makefile:126: recipe for target 'cmTC_c5a02/fast' failed
make: *** [cmTC_c5a02/fast] Error 2

Source file was:
#include <uhd.h>
    #include <uhd/usrp/multi_usrp.hpp>
    #include <uhd/transport/udp_simple.hpp>

    uhd::wb_iface::sptr x300_make_ctrl_iface_enet(uhd::transport::udp_simple::sptr udp, bool enable_errors);

    uhd_error try_usrp_x300_reset()
    {
      uhd::transport::udp_simple::sptr udp_simple = uhd::transport::udp_simple::make_connected("", "49152");
      uhd::wb_iface::sptr x300_ctrl = x300_make_ctrl_iface_enet(udp_simple, true);
      x300_ctrl->poke32(0x100058, 1);
      return UHD_ERROR_NONE;
    }

    int main(int argc, char** argv)
    {
      try_usrp_x300_reset();
      return 0;
    }
Performing C++ SOURCE FILE Test UHD_ENABLE_CUSTOM_RFNOC failed with the following output:
Change Dir: /home/grads/h/harishkumar003/Desktop/srsRAN/build/CMakeFiles/CMakeTmp

Run Build Command:"/usr/bin/make" "cmTC_63200/fast"
/usr/bin/make -f CMakeFiles/cmTC_63200.dir/build.make CMakeFiles/cmTC_63200.dir/build
make[1]: Entering directory '/home/grads/h/harishkumar003/Desktop/srsRAN/build/CMakeFiles/CMakeTmp'
Building CXX object CMakeFiles/cmTC_63200.dir/src.cxx.o
/usr/bin/c++    -DUHD_ENABLE_CUSTOM_RFNOC  -L/usr/lib/x86_64-linux-gnu   -o CMakeFiles/cmTC_63200.dir/src.cxx.o -c /home/grads/h/harishkumar003/Desktop/srsRAN/build/CMakeFiles/CMakeTmp/src.cxx
/home/grads/h/harishkumar003/Desktop/srsRAN/build/CMakeFiles/CMakeTmp/src.cxx:3:14: fatal error: uhd/rfnoc/ddc_ch2_block_ctrl.hpp: No such file or directory
     #include <uhd/rfnoc/ddc_ch2_block_ctrl.hpp>
              ^~~~~~~~~~~~~~~~~~~~~~~~~~~~~~~~~~
compilation terminated.
CMakeFiles/cmTC_63200.dir/build.make:65: recipe for target 'CMakeFiles/cmTC_63200.dir/src.cxx.o' failed
make[1]: *** [CMakeFiles/cmTC_63200.dir/src.cxx.o] Error 1
make[1]: Leaving directory '/home/grads/h/harishkumar003/Desktop/srsRAN/build/CMakeFiles/CMakeTmp'
Makefile:126: recipe for target 'cmTC_63200/fast' failed
make: *** [cmTC_63200/fast] Error 2

Source file was:
#include <uhd.h>
    #include <uhd/device3.hpp>
    #include <uhd/rfnoc/ddc_ch2_block_ctrl.hpp>

    static uhd::device3::sptr device3;
    static uhd::rfnoc::ddc_ch2_block_ctrl::sptr ddc_ctrl;

    uhd_error try_device3_ddc_ch2_ctrl()
    {
      ddc_ctrl = device3->get_block_ctrl<uhd::rfnoc::ddc_ch2_block_ctrl>(uhd::rfnoc::block_id_t("DDCch2_0"));
      return UHD_ERROR_NONE;
    }

    int main(int argc, char** argv)
    {
      try_device3_ddc_ch2_ctrl();
      return 0;
    }
